0 info it worked if it ends with ok
1 verbose cli [ '/usr/local/bin/node', '/usr/local/bin/npm', 'start' ]
2 info using npm@3.10.8
3 info using node@v6.9.1
4 verbose run-script [ 'prestart', 'start', 'poststart' ]
5 info lifecycle querybase@0.5.0~prestart: querybase@0.5.0
6 silly lifecycle querybase@0.5.0~prestart: no script for prestart, continuing
7 info lifecycle querybase@0.5.0~start: querybase@0.5.0
8 verbose lifecycle querybase@0.5.0~start: unsafe-perm in lifecycle true
9 verbose lifecycle querybase@0.5.0~start: PATH: /usr/local/lib/node_modules/npm/bin/node-gyp-bin:/Users/deast/Documents/oss/Querybase/node_modules/.bin:/Users/deast/bin:/Users/deast/Downloads/google-cloud-sdk/bin:/usr/local/git/current/bin:/usr/local/bin:/usr/bin:/bin:/usr/local/sbin:/usr/sbin:/sbin
10 verbose lifecycle querybase@0.5.0~start: CWD: /Users/deast/Documents/oss/Querybase
11 silly lifecycle querybase@0.5.0~start: Args: [ '-c',
11 silly lifecycle   'tsc && node rollup.config && uglifyjs --compress --mangle -- ./dist/querybase.umd.js > ./dist/querybase.umd.min.js && gulp' ]
12 silly lifecycle querybase@0.5.0~start: Returned: code: 7  signal: null
13 info lifecycle querybase@0.5.0~start: Failed to exec start script
14 verbose stack Error: querybase@0.5.0 start: `tsc && node rollup.config && uglifyjs --compress --mangle -- ./dist/querybase.umd.js > ./dist/querybase.umd.min.js && gulp`
14 verbose stack Exit status 7
14 verbose stack     at EventEmitter.<anonymous> (/usr/local/lib/node_modules/npm/lib/utils/lifecycle.js:255:16)
14 verbose stack     at emitTwo (events.js:106:13)
14 verbose stack     at EventEmitter.emit (events.js:191:7)
14 verbose stack     at ChildProcess.<anonymous> (/usr/local/lib/node_modules/npm/lib/utils/spawn.js:40:14)
14 verbose stack     at emitTwo (events.js:106:13)
14 verbose stack     at ChildProcess.emit (events.js:191:7)
14 verbose stack     at maybeClose (internal/child_process.js:877:16)
14 verbose stack     at Process.ChildProcess._handle.onexit (internal/child_process.js:226:5)
15 verbose pkgid querybase@0.5.0
16 verbose cwd /Users/deast/Documents/oss/Querybase
17 error Darwin 15.6.0
18 error argv "/usr/local/bin/node" "/usr/local/bin/npm" "start"
19 error node v6.9.1
20 error npm  v3.10.8
21 error code ELIFECYCLE
22 error querybase@0.5.0 start: `tsc && node rollup.config && uglifyjs --compress --mangle -- ./dist/querybase.umd.js > ./dist/querybase.umd.min.js && gulp`
22 error Exit status 7
23 error Failed at the querybase@0.5.0 start script 'tsc && node rollup.config && uglifyjs --compress --mangle -- ./dist/querybase.umd.js > ./dist/querybase.umd.min.js && gulp'.
23 error Make sure you have the latest version of node.js and npm installed.
23 error If you do, this is most likely a problem with the querybase package,
23 error not with npm itself.
23 error Tell the author that this fails on your system:
23 error     tsc && node rollup.config && uglifyjs --compress --mangle -- ./dist/querybase.umd.js > ./dist/querybase.umd.min.js && gulp
23 error You can get information on how to open an issue for this project with:
23 error     npm bugs querybase
23 error Or if that isn't available, you can get their info via:
23 error     npm owner ls querybase
23 error There is likely additional logging output above.
24 verbose exit [ 1, true ]
